<?xml version="1.0" encoding="UTF-8"?>
<!-- Generated by org.testng.reporters.JUnitReportReporter -->
<testsuite hostname="SJD-VPPTS-262" name="com.mycompany.app.TestRegistrationPage" tests="1" failures="0" timestamp="25 Oct 2013 11:16:12 GMT" time="17.625" errors="0">
  <testcase name="testRegistrationPage" time="17.625" classname="com.mycompany.app.TestRegistrationPage"/>
</testsuite> <!-- com.mycompany.app.TestRegistrationPage -->
