<?xml version="1.0" encoding="UTF-8"?>
<!-- Generated by org.testng.reporters.JUnitReportReporter -->
<testsuite hostname="SJD-VPPTS-262" name="com.mycompany.app.WebdriverTest1" tests="1" failures="0" timestamp="25 Oct 2013 08:36:50 GMT" time="16.110" errors="0">
  <testcase name="launchBrowser" time="16.110" classname="com.mycompany.app.WebdriverTest1"/>
</testsuite> <!-- com.mycompany.app.WebdriverTest1 -->
